<?xml version="1.0" encoding="UTF-8"?>
<testsuite name="com.example.xinggui.backend.BackendReportRuleEngineTest" tests="2" skipped="0" failures="0" errors="0" timestamp="2026-05-04T06:49:49" hostname="Y7000P" time="0.054">
  <properties/>
  <testcase name="missedCheckInAppliesSmallNegativeDelta" classname="com.example.xinggui.backend.BackendReportRuleEngineTest" time="0.053"/>
  <testcase name="completedCheckInRaisesTargetDimensionAndKeepsBounds" classname="com.example.xinggui.backend.BackendReportRuleEngineTest" time="0.0"/>
  <system-out><![CDATA[]]></system-out>
  <system-err><![CDATA[]]></system-err>
</testsuite>
