<?xml version="1.0" encoding="UTF-8"?>
<testsuite name="com.example.xinggui.backend.PasswordHasherTest" tests="4" skipped="0" failures="0" errors="0" timestamp="2026-05-04T06:49:49" hostname="Y7000P" time="0.16">
  <properties/>
  <testcase name="currentHashDoesNotNeedRehash" classname="com.example.xinggui.backend.PasswordHasherTest" time="0.036"/>
  <testcase name="verifiesLegacySeedHash" classname="com.example.xinggui.backend.PasswordHasherTest" time="0.117"/>
  <testcase name="hashUsesRandomSalt" classname="com.example.xinggui.backend.PasswordHasherTest" time="0.004"/>
  <testcase name="hashVerifiesOriginalPasswordOnly" classname="com.example.xinggui.backend.PasswordHasherTest" time="0.003"/>
  <system-out><![CDATA[]]></system-out>
  <system-err><![CDATA[]]></system-err>
</testsuite>
