<?xml version="1.0" encoding="UTF-8"?>
<testsuite name="com.example.xinggui.backend.PasswordHasherTest" tests="3" skipped="0" failures="0" errors="0" timestamp="2026-04-28T10:40:42" hostname="Y7000P" time="0.236">
  <properties/>
  <testcase name="verifiesLegacySeedHash" classname="com.example.xinggui.backend.PasswordHasherTest" time="0.2"/>
  <testcase name="hashUsesRandomSalt" classname="com.example.xinggui.backend.PasswordHasherTest" time="0.026"/>
  <testcase name="hashVerifiesOriginalPasswordOnly" classname="com.example.xinggui.backend.PasswordHasherTest" time="0.008"/>
  <system-out><![CDATA[]]></system-out>
  <system-err><![CDATA[]]></system-err>
</testsuite>
